<?xml version="1.0" encoding="UTF-8"?>
<testng-results ignored="0" total="1" passed="1" failed="0" skipped="0">
  <reporter-output>
  </reporter-output>
  <suite started-at="2020-08-22T14:17:07 IST" name="Default suite" finished-at="2020-08-22T14:17:20 IST" duration-ms="12999">
    <groups>
    </groups>
    <test started-at="2020-08-22T14:17:07 IST" name="Default test" finished-at="2020-08-22T14:17:20 IST" duration-ms="12999">
      <class name="qaacademy.TestProject2.ActionClass">
        <test-method signature="launch()[pri:0, instance:qaacademy.TestProject2.ActionClass@7690781]" started-at="2020-08-22T14:17:07 IST" name="launch" finished-at="2020-08-22T14:17:20 IST" duration-ms="12941" status="PASS">
          <reporter-output>
          </reporter-output>
        </test-method> <!-- launch -->
      </class> <!-- qaacademy.TestProject2.ActionClass -->
    </test> <!-- Default test -->
  </suite> <!-- Default suite -->
</testng-results>
